2023-08-17T14:27:34.264+05:30  INFO 13724 --- [restartedMain] com.cg.ecommerce.ECommerceApplication    : Starting ECommerceApplication using Java 17.0.7 with PID 13724 (C:\Users\MSAHEBRA\OneDrive - Capgemini\Desktop\E-Commerce\Backend\E-Commerce\bin\main started by msahebra in C:\Users\MSAHEBRA\OneDrive - Capgemini\Desktop\E-Commerce\Backend\E-Commerce)
2023-08-17T14:27:34.283+05:30  INFO 13724 --- [restartedMain] com.cg.ecommerce.ECommerceApplication    : No active profile set, falling back to 1 default profile: "default"
2023-08-17T14:27:38.376+05:30  INFO 13724 --- [restartedMain] o.apache.catalina.core.StandardService   : Starting service [Tomcat]
2023-08-17T14:27:38.378+05:30  INFO 13724 --- [restartedMain] o.apache.catalina.core.StandardEngine    : Starting Servlet engine: [Apache Tomcat/10.1.10]
2023-08-17T14:27:38.657+05:30  INFO 13724 --- [restartedMain] o.a.c.c.C.[Tomcat].[localhost].[/]       : Initializing Spring embedded WebApplicationContext
2023-08-17T14:27:39.048+05:30  INFO 13724 --- [restartedMain] o.hibernate.jpa.internal.util.LogHelper  : HHH000204: Processing PersistenceUnitInfo [name: default]
2023-08-17T14:27:39.180+05:30  INFO 13724 --- [restartedMain] org.hibernate.Version                    : HHH000412: Hibernate ORM core version 6.2.5.Final
2023-08-17T14:27:39.185+05:30  INFO 13724 --- [restartedMain] org.hibernate.cfg.Environment            : HHH000406: Using bytecode reflection optimizer
2023-08-17T14:27:39.539+05:30  INFO 13724 --- [restartedMain] o.h.b.i.BytecodeProviderInitiator        : HHH000021: Bytecode provider name : bytebuddy
2023-08-17T14:27:40.015+05:30  INFO 13724 --- [restartedMain] com.zaxxer.hikari.HikariDataSource       : HikariPool-1 - Starting...
2023-08-17T14:27:40.030+05:30  WARN 13724 --- [restartedMain] c.zaxxer.hikari.util.DriverDataSource    : Registered driver with driverClassName=com.mysql.jdbc.Driver was not found, trying direct instantiation.
2023-08-17T14:27:41.106+05:30  INFO 13724 --- [restartedMain] com.zaxxer.hikari.pool.HikariPool        : HikariPool-1 - Added connection com.mysql.cj.jdbc.ConnectionImpl@c26100a
2023-08-17T14:27:41.112+05:30  INFO 13724 --- [restartedMain] com.zaxxer.hikari.HikariDataSource       : HikariPool-1 - Start completed.
2023-08-17T14:27:42.241+05:30  INFO 13724 --- [restartedMain] o.h.b.i.BytecodeProviderInitiator        : HHH000021: Bytecode provider name : bytebuddy
2023-08-17T14:27:44.954+05:30  INFO 13724 --- [restartedMain] o.h.e.t.j.p.i.JtaPlatformInitiator       : HHH000490: Using JtaPlatform implementation: [org.hibernate.engine.transaction.jta.platform.internal.NoJtaPlatform]
2023-08-17T14:27:47.315+05:30  WARN 13724 --- [restartedMain] ocalVariableTableParameterNameDiscoverer : Using deprecated '-debug' fallback for parameter name resolution. Compile the affected code with '-parameters' instead or avoid its introspection: com.cg.ecommerce.repository.CompanyProductsRepository
2023-08-17T14:27:47.616+05:30  WARN 13724 --- [restartedMain] ocalVariableTableParameterNameDiscoverer : Using deprecated '-debug' fallback for parameter name resolution. Compile the affected code with '-parameters' instead or avoid its introspection: com.cg.ecommerce.repository.UserOrderRepository
2023-08-17T14:27:47.737+05:30  WARN 13724 --- [restartedMain] ocalVariableTableParameterNameDiscoverer : Using deprecated '-debug' fallback for parameter name resolution. Compile the affected code with '-parameters' instead or avoid its introspection: com.cg.ecommerce.repository.UserProductsRepository
2023-08-17T14:27:47.993+05:30  WARN 13724 --- [restartedMain] JpaBaseConfiguration$JpaWebConfiguration : spring.jpa.open-in-view is enabled by default. Therefore, database queries may be performed during view rendering. Explicitly configure spring.jpa.open-in-view to disable this warning
2023-08-17T14:27:49.200+05:30  INFO 13724 --- [restartedMain] com.cg.ecommerce.ECommerceApplication    : Started ECommerceApplication in 15.953 seconds (process running for 19.227)
2023-08-17T14:28:31.445+05:30  INFO 13724 --- [http-nio-8080-exec-1] o.a.c.c.C.[Tomcat].[localhost].[/]       : Initializing Spring DispatcherServlet 'dispatcherServlet'
2023-08-17T14:29:55.030+05:30  WARN 13724 --- [http-nio-8080-exec-7] ocalVariableTableParameterNameDiscoverer : Using deprecated '-debug' fallback for parameter name resolution. Compile the affected code with '-parameters' instead or avoid its introspection: com.cg.ecommerce.controller.CompanyProductsController
2023-08-17T14:36:26.362+05:30  WARN 13724 --- [http-nio-8080-exec-3] ocalVariableTableParameterNameDiscoverer : Using deprecated '-debug' fallback for parameter name resolution. Compile the affected code with '-parameters' instead or avoid its introspection: com.cg.ecommerce.controller.UserCartController
2023-08-17T14:36:31.841+05:30  WARN 13724 --- [http-nio-8080-exec-4] ocalVariableTableParameterNameDiscoverer : Using deprecated '-debug' fallback for parameter name resolution. Compile the affected code with '-parameters' instead or avoid its introspection: com.cg.ecommerce.controller.AuthController
2023-08-17T14:36:35.912+05:30  WARN 13724 --- [http-nio-8080-exec-6] ocalVariableTableParameterNameDiscoverer : Using deprecated '-debug' fallback for parameter name resolution. Compile the affected code with '-parameters' instead or avoid its introspection: com.cg.ecommerce.controller.UserOrderController
2023-08-17T14:36:39.560+05:30  WARN 13724 --- [http-nio-8080-exec-7] ocalVariableTableParameterNameDiscoverer : Using deprecated '-debug' fallback for parameter name resolution. Compile the affected code with '-parameters' instead or avoid its introspection: com.cg.ecommerce.controller.UserProductCotroller
2023-08-17T16:21:15.190+05:30  WARN 13724 --- [HikariPool-1 housekeeper] com.zaxxer.hikari.pool.HikariPool        : HikariPool-1 - Thread starvation or clock leap detected (housekeeper delta=58m33s99ms953µs300ns).
2023-08-17T17:19:17.738+05:30  INFO 13724 --- [RMI TCP Connection(122)-127.0.0.1] o.apache.catalina.core.StandardService   : Stopping service [Tomcat]
2023-08-17T17:19:17.876+05:30  INFO 13724 --- [RMI TCP Connection(122)-127.0.0.1] o.a.c.c.C.[Tomcat].[localhost].[/]       : Destroying Spring FrameworkServlet 'dispatcherServlet'
2023-08-17T17:19:18.426+05:30  INFO 13724 --- [RMI TCP Connection(122)-127.0.0.1] com.zaxxer.hikari.HikariDataSource       : HikariPool-1 - Shutdown initiated...
2023-08-17T17:19:18.627+05:30  INFO 13724 --- [RMI TCP Connection(122)-127.0.0.1] com.zaxxer.hikari.HikariDataSource       : HikariPool-1 - Shutdown completed.
